<?xml version="1.0" encoding="UTF-8"?>
<!-- Generated by org.testng.reporters.JUnitReportReporter -->
<testsuite hostname="DESKTOP-34TR8MB" failures="0" tests="1" name="Testautomation.add" time="0.016" errors="0" timestamp="2022-01-04T23:09:15 IST" skipped="0">
  <testcase classname="Testautomation.add" name="add" time="0.016"/>
  <system-out/>
</testsuite> <!-- Testautomation.add -->
