<?xml version="1.0" encoding="UTF-8"?>
<!-- Generated by org.testng.reporters.JUnitReportReporter -->
<testsuite hostname="DESKTOP-34TR8MB" failures="0" tests="3" name="Testautomation.Testng" time="10.058" errors="0" timestamp="2022-01-05T22:17:37 IST" skipped="1">
  <testcase classname="Testautomation.Testng" name="logout" time="0.024"/>
  <system-out/>
  <testcase classname="Testautomation.Testng" name="loginwithvalidcred" time="10.034"/>
  <system-out/>
  <testcase classname="Testautomation.Testng" name="logninvalid1">
    <skipped/>
  </testcase> <!-- logninvalid1 -->
  <system-out/>
</testsuite> <!-- Testautomation.Testng -->
