<?xml version="1.0" encoding="UTF-8"?>
<!-- Generated by org.testng.reporters.JUnitReportReporter -->
<testsuite hostname="DESKTOP-34TR8MB" failures="0" tests="1" name="test.LoginTest" time="13.870" errors="0" timestamp="2022-01-13T17:29:53 IST" skipped="0">
  <testcase classname="test.LoginTest" name="loginwithvalidcred" time="13.870"/>
  <system-out/>
</testsuite> <!-- test.LoginTest -->
