<?xml version="1.0" encoding="UTF-8"?>
<!-- Generated by org.testng.reporters.JUnitReportReporter -->
<testsuite hostname="DESKTOP-34TR8MB" failures="0" tests="2" name="test.Testclassforlistener" time="22.548" errors="0" timestamp="2022-01-14T15:41:56 IST" skipped="0">
  <testcase classname="test.Testclassforlistener" name="Checkout" time="8.855"/>
  <system-out/>
  <testcase classname="test.Testclassforlistener" name="Logout" time="13.693"/>
  <system-out/>
</testsuite> <!-- test.Testclassforlistener -->
